Build started 11/22/2015 1:46:29 PM.
     1>Project "C:\Users\Taylor\Documents\GitHub\UltimateTicTacToe\UltimateTicTacToe\UltimateTicTacToe.vcxproj" on node 2 (Build target(s)).
     1>ClCompile:
         C:\Program Files (x86)\Microsoft Visual Studio 14.0\VC\bin\CL.exe /c /I"C:\Users\Taylor\Documents\GitHub\UltimateTicTacToe\UltimateTicTacToe\SFML-2.3.2\bin" /I"C:\Users\Taylor\Documents\GitHub\UltimateTicTacToe\UltimateTicTacToe\SFML-2.3.2\include" /Zi /nologo /W3 /WX- /sdl /O2 /Oi /Oy- /GL /D WIN32 /D NDEBUG /D _CONSOLE /D _UNICODE /D UNICODE /Gm- /EHsc /MD /GS /Gy /fp:precise /Zc:wchar_t /Zc:forScope /Zc:inline /Fo"Release\\" /Fd"Release\vc140.pdb" /Gd /TP /analyze- /errorReport:prompt main.cpp
         main.cpp
     1>main.cpp(200): warning C4244: 'argument': conversion from 'time_t' to 'unsigned int', possible loss of data
     1>main.cpp(260): warning C4244: 'argument': conversion from 'int' to 'float', possible loss of data
     1>main.cpp(268): warning C4244: 'argument': conversion from 'int' to 'float', possible loss of data
     1>main.cpp(319): warning C4244: 'initializing': conversion from 'float' to 'int', possible loss of data
     1>main.cpp(320): warning C4244: 'initializing': conversion from 'float' to 'int', possible loss of data
     1>main.cpp(482): warning C4244: 'argument': conversion from 'int' to 'float', possible loss of data
     1>main.cpp(483): warning C4244: 'argument': conversion from 'int' to 'float', possible loss of data
       Link:
         C:\Program Files (x86)\Microsoft Visual Studio 14.0\VC\bin\link.exe /ERRORREPORT:PROMPT /OUT:"C:\Users\Taylor\Documents\GitHub\UltimateTicTacToe\Release\UltimateTicTacToe.exe" /INCREMENTAL:NO /NOLOGO /LIBPATH:"C:\Users\Taylor\Documents\GitHub\UltimateTicTacToe\UltimateTicTacToe\SFML-2.3.2\bin" /LIBPATH:"C:\Users\Taylor\Documents\GitHub\UltimateTicTacToe\UltimateTicTacToe\SFML-2.3.2\lib" "sfml-graphics.lib" "sfml-window.lib" "sfml-system.lib" kernel32.lib user32.lib gdi32.lib winspool.lib comdlg32.lib advapi32.lib shell32.lib ole32.lib oleaut32.lib uuid.lib odbc32.lib odbccp32.lib /MANIFEST /MANIFESTUAC:"level='asInvoker' uiAccess='false'" /manifest:embed /Debug /PDB:"C:\Users\Taylor\Documents\GitHub\UltimateTicTacToe\Release\UltimateTicTacToe.pdb" /SUBSYSTEM:CONSOLE /OPT:REF /OPT:ICF /LTCG:incremental /TLBID:1 /DYNAMICBASE /NXCOMPAT /IMPLIB:"C:\Users\Taylor\Documents\GitHub\UltimateTicTacToe\Release\UltimateTicTacToe.lib" /MACHINE:X86 /SAFESEH Release\main.obj
         Generating code
         1 of 83 functions ( 1.2%) were compiled, the rest were copied from previous compilation.
           0 functions were new in current compilation
           0 functions had inline decision re-evaluated but remain unchanged
         Finished generating code
         UltimateTicTacToe.vcxproj -> C:\Users\Taylor\Documents\GitHub\UltimateTicTacToe\Release\UltimateTicTacToe.exe
     1>Done Building Project "C:\Users\Taylor\Documents\GitHub\UltimateTicTacToe\UltimateTicTacToe\UltimateTicTacToe.vcxproj" (Build target(s)).

Build succeeded.

Time Elapsed 00:00:01.28
